2012-06-22 13:53:19,112 [7] NHibernate.AdoNet.AbstractBatcher - Could not execute query: SELECT this_.Id as Id11_0_, this_.SerialNumber as SerialNu2_11_0_ FROM Settings_ShellDescriptorRecord this_ WHERE 1=1
System.Data.SqlServerCe.SqlCeException (0x80004005): ”казанна€ таблица не существует. [ Settings_ShellDescriptorRecord ]
   at System.Data.SqlServerCe.SqlCeCommand.ProcessResults(Int32 hr)
   at System.Data.SqlServerCe.SqlCeCommand.CompileQueryPlan()
   at System.Data.SqlServerCe.SqlCeCommand.ExecuteCommand(CommandBehavior behavior, String method, ResultSetOptions options)
   at System.Data.SqlServerCe.SqlCeCommand.ExecuteDbDataReader(CommandBehavior behavior)
   at System.Data.Common.DbCommand.System.Data.IDbCommand.ExecuteReader()
   at NHibernate.AdoNet.AbstractBatcher.ExecuteReader(IDbCommand cmd)
2012-06-22 13:53:19,146 [7] NHibernate.Util.ADOExceptionReporter - ”казанна€ таблица не существует. [ Settings_ShellDescriptorRecord ]
2012-06-22 13:53:19,152 [7] NHibernate.Util.ADOExceptionReporter - ”казанна€ таблица не существует. [ Settings_ShellDescriptorRecord ]
2012-06-22 16:20:10,786 [7] Orchard.Recipes.Services.RecipeStepExecutor - Recipe execution 380c184de41b4fbb98a21f8a7d7afc04 was cancelled because a step failed to execute
System.InvalidOperationException: Sequence contains no matching element
   at System.Linq.Enumerable.Single[TSource](IEnumerable`1 source, Func`2 predicate)
   at Orchard.Environment.Features.FeatureManager.<>c__DisplayClass2d.<EnableFeature>b__20(String fId) in d:\Builds\OrchardFull\src\Orchard\Environment\Features\FeatureManager.cs:line 148
   at System.Linq.Enumerable.WhereSelectListIterator`2.MoveNext()
   at System.Linq.Enumerable.WhereEnumerableIterator`1.MoveNext()
   at System.Linq.Enumerable.ToDictionary[TSource,TKey,TElement](IEnumerable`1 source, Func`2 keySelector, Func`2 elementSelector, IEqualityComparer`1 comparer)
   at Orchard.Environment.Features.FeatureManager.<EnableFeature>b__1e(String currentFeatureId, IDictionary`2 featuresState) in d:\Builds\OrchardFull\src\Orchard\Environment\Features\FeatureManager.cs:line 147
   at Orchard.Environment.Features.FeatureManager.GetAffectedFeatures(String featureId, IDictionary`2 features, Func`3 getAffectedDependencies) in d:\Builds\OrchardFull\src\Orchard\Environment\Features\FeatureManager.cs:line 195
   at Orchard.Environment.Features.FeatureManager.EnableFeature(String featureId, IDictionary`2 availableFeatures, Boolean force) in d:\Builds\OrchardFull\src\Orchard\Environment\Features\FeatureManager.cs:line 153
   at Orchard.Environment.Features.FeatureManager.<>c__DisplayClass9.<EnableFeatures>b__4(String featureId) in d:\Builds\OrchardFull\src\Orchard\Environment\Features\FeatureManager.cs:line 73
   at System.Linq.Enumerable.WhereSelectListIterator`2.MoveNext()
   at System.Collections.Generic.List`1..ctor(IEnumerable`1 collection)
   at System.Linq.Enumerable.ToList[TSource](IEnumerable`1 source)
   at Orchard.Environment.Features.FeatureManager.EnableFeatures(IEnumerable`1 featureIds, Boolean force) in d:\Builds\OrchardFull\src\Orchard\Environment\Features\FeatureManager.cs:line 72
   at Orchard.Recipes.RecipeHandlers.FeatureRecipeHandler.ExecuteRecipeStep(RecipeContext recipeContext)
   at Orchard.Recipes.Services.RecipeStepExecutor.ExecuteNextStep(String executionId)
2012-06-22 16:20:10,946 [7] Orchard.Exceptions.DefaultExceptionPolicy - An unexpected exception was caught
System.Reflection.TargetInvocationException: Exception has been thrown by the target of an invocation. ---> Orchard.OrchardCoreException: Recipe execution with id 380c184de41b4fbb98a21f8a7d7afc04 was cancelled because the "Feature" step failed to execute. The following exception was thrown: Sequence contains no matching element. Refer to the recipe journal for more information.
   at Orchard.Recipes.Services.RecipeStepExecutor.ExecuteNextStep(String executionId)
   at Orchard.Recipes.Services.RecipeScheduler.ExecuteWork(String executionId)
   --- End of inner exception stack trace ---
   at System.RuntimeMethodHandle._Invo